# JRE version: OpenJDK Runtime Environment (8.0_242-b01) (build 1.8.0_242-release-1644-b01)
# Java VM: OpenJDK 64-Bit Server VM (25.242-b01 mixed mode windows-amd64 compressed oops)
Heap:
 PSYoungGen      total 148992K, used 3188K [0x00000000d5580000, 0x00000000df600000, 0x0000000100000000)
  eden space 136192K, 2% used [0x00000000d5580000,0x00000000d589d248,0x00000000dda80000)
  from space 12800K, 0% used [0x00000000de780000,0x00000000de780000,0x00000000df400000)
  to   space 13312K, 0% used [0x00000000dda80000,0x00000000dda80000,0x00000000de780000)
 ParOldGen       total 82944K, used 16010K [0x0000000080000000, 0x0000000085100000, 0x00000000d5580000)
  object space 82944K, 19% used [0x0000000080000000,0x0000000080fa2a60,0x0000000085100000)
 Metaspace       used 34640K, capacity 35566K, committed 35752K, reserved 1079296K
  class space    used 4750K, capacity 4976K, committed 5040K, reserved 1048576K
GC Heap History (10 events):
Event: 3.846 GC heap before
{Heap before GC invocations=6 (full 1):
 PSYoungGen      total 47616K, used 6644K [0x00000000d5580000, 0x00000000dbc80000, 0x0000000100000000)
  eden space 40960K, 0% used [0x00000000d5580000,0x00000000d5580000,0x00000000d7d80000)
  from space 6656K, 99% used [0x00000000d7d80000,0x00000000d83fd040,0x00000000d8400000)
  to   space 11776K, 0% used [0x00000000db100000,0x00000000db100000,0x00000000dbc80000)
 ParOldGen       total 109568K, used 6708K [0x0000000080000000, 0x0000000086b00000, 0x00000000d5580000)
  object space 109568K, 6% used [0x0000000080000000,0x000000008068d170,0x0000000086b00000)
 Metaspace       used 20591K, capacity 21236K, committed 21296K, reserved 1067008K
  class space    used 2883K, capacity 3088K, committed 3120K, reserved 1048576K
Event: 3.886 GC heap after
Heap after GC invocations=6 (full 1):
 PSYoungGen      total 47616K, used 0K [0x00000000d5580000, 0x00000000dbc80000, 0x0000000100000000)
  eden space 40960K, 0% used [0x00000000d5580000,0x00000000d5580000,0x00000000d7d80000)
  from space 6656K, 0% used [0x00000000d7d80000,0x00000000d7d80000,0x00000000d8400000)
  to   space 11776K, 0% used [0x00000000db100000,0x00000000db100000,0x00000000dbc80000)
 ParOldGen       total 60416K, used 9378K [0x0000000080000000, 0x0000000083b00000, 0x00000000d5580000)
  object space 60416K, 15% used [0x0000000080000000,0x0000000080928a38,0x0000000083b00000)
 Metaspace       used 20591K, capacity 21236K, committed 21296K, reserved 1067008K
  class space    used 2883K, capacity 3088K, committed 3120K, reserved 1048576K
}
Event: 4.257 GC heap before
{Heap before GC invocations=7 (full 1):
 PSYoungGen      total 47616K, used 40960K [0x00000000d5580000, 0x00000000dbc80000, 0x0000000100000000)
  eden space 40960K, 100% used [0x00000000d5580000,0x00000000d7d80000,0x00000000d7d80000)
  from space 6656K, 0% used [0x00000000d7d80000,0x00000000d7d80000,0x00000000d8400000)
  to   space 11776K, 0% used [0x00000000db100000,0x00000000db100000,0x00000000dbc80000)
 ParOldGen       total 60416K, used 9378K [0x0000000080000000, 0x0000000083b00000, 0x00000000d5580000)
  object space 60416K, 15% used [0x0000000080000000,0x0000000080928a38,0x0000000083b00000)
 Metaspace       used 23301K, capacity 24004K, committed 24112K, reserved 1069056K
  class space    used 3331K, capacity 3582K, committed 3632K, reserved 1048576K
Event: 4.262 GC heap after
Heap after GC invocations=7 (full 1):
 PSYoungGen      total 80384K, used 3531K [0x00000000d5580000, 0x00000000db600000, 0x0000000100000000)
  eden space 75264K, 0% used [0x00000000d5580000,0x00000000d5580000,0x00000000d9f00000)
  from space 5120K, 68% used [0x00000000db100000,0x00000000db472cc8,0x00000000db600000)
  to   space 11776K, 0% used [0x00000000d9f00000,0x00000000d9f00000,0x00000000daa80000)
 ParOldGen       total 60416K, used 9386K [0x0000000080000000, 0x0000000083b00000, 0x00000000d5580000)
  object space 60416K, 15% used [0x0000000080000000,0x000000008092aa38,0x0000000083b00000)
 Metaspace       used 23301K, capacity 24004K, committed 24112K, reserved 1069056K
  class space    used 3331K, capacity 3582K, committed 3632K, reserved 1048576K
}
Event: 5.144 GC heap before
{Heap before GC invocations=8 (full 1):
 PSYoungGen      total 80384K, used 78795K [0x00000000d5580000, 0x00000000db600000, 0x0000000100000000)
  eden space 75264K, 100% used [0x00000000d5580000,0x00000000d9f00000,0x00000000d9f00000)
  from space 5120K, 68% used [0x00000000db100000,0x00000000db472cc8,0x00000000db600000)
  to   space 11776K, 0% used [0x00000000d9f00000,0x00000000d9f00000,0x00000000daa80000)
 ParOldGen       total 60416K, used 9386K [0x0000000080000000, 0x0000000083b00000, 0x00000000d5580000)
  object space 60416K, 15% used [0x0000000080000000,0x000000008092aa38,0x0000000083b00000)
 Metaspace       used 31719K, capacity 32472K, committed 32816K, reserved 1077248K
  class space    used 4312K, capacity 4546K, committed 4656K, reserved 1048576K
Event: 5.167 GC heap after
Heap after GC invocations=8 (full 1):
 PSYoungGen      total 87040K, used 9850K [0x00000000d5580000, 0x00000000df400000, 0x0000000100000000)
  eden space 75264K, 0% used [0x00000000d5580000,0x00000000d5580000,0x00000000d9f00000)
  from space 11776K, 83% used [0x00000000d9f00000,0x00000000da89eb70,0x00000000daa80000)
  to   space 12800K, 0% used [0x00000000de780000,0x00000000de780000,0x00000000df400000)
 ParOldGen       total 60416K, used 9394K [0x0000000080000000, 0x0000000083b00000, 0x00000000d5580000)
  object space 60416K, 15% used [0x0000000080000000,0x000000008092ca38,0x0000000083b00000)
 Metaspace       used 31719K, capacity 32472K, committed 32816K, reserved 1077248K
  class space    used 4312K, capacity 4546K, committed 4656K, reserved 1048576K
}
Event: 5.749 GC heap before
{Heap before GC invocations=9 (full 1):
 PSYoungGen      total 87040K, used 75328K [0x00000000d5580000, 0x00000000df400000, 0x0000000100000000)
  eden space 75264K, 86% used [0x00000000d5580000,0x00000000d9571678,0x00000000d9f00000)
  from space 11776K, 83% used [0x00000000d9f00000,0x00000000da89eb70,0x00000000daa80000)
  to   space 12800K, 0% used [0x00000000de780000,0x00000000de780000,0x00000000df400000)
 ParOldGen       total 60416K, used 9394K [0x0000000080000000, 0x0000000083b00000, 0x00000000d5580000)
  object space 60416K, 15% used [0x0000000080000000,0x000000008092ca38,0x0000000083b00000)
 Metaspace       used 34602K, capacity 35426K, committed 35496K, reserved 1079296K
  class space    used 4747K, capacity 4976K, committed 5040K, reserved 1048576K
Event: 5.790 GC heap after
Heap after GC invocations=9 (full 1):
 PSYoungGen      total 148992K, used 9554K [0x00000000d5580000, 0x00000000df600000, 0x0000000100000000)
  eden space 136192K, 0% used [0x00000000d5580000,0x00000000d5580000,0x00000000dda80000)
  from space 12800K, 74% used [0x00000000de780000,0x00000000df0d49c0,0x00000000df400000)
  to   space 13312K, 0% used [0x00000000dda80000,0x00000000dda80000,0x00000000de780000)
 ParOldGen       total 60416K, used 9402K [0x0000000080000000, 0x0000000083b00000, 0x00000000d5580000)
  object space 60416K, 15% used [0x0000000080000000,0x000000008092ea38,0x0000000083b00000)
 Metaspace       used 34602K, capacity 35426K, committed 35496K, reserved 1079296K
  class space    used 4747K, capacity 4976K, committed 5040K, reserved 1048576K
}
Event: 5.790 GC heap before
{Heap before GC invocations=10 (full 2):
 PSYoungGen      total 148992K, used 9554K [0x00000000d5580000, 0x00000000df600000, 0x0000000100000000)
  eden space 136192K, 0% used [0x00000000d5580000,0x00000000d5580000,0x00000000dda80000)
  from space 12800K, 74% used [0x00000000de780000,0x00000000df0d49c0,0x00000000df400000)
  to   space 13312K, 0% used [0x00000000dda80000,0x00000000dda80000,0x00000000de780000)
 ParOldGen       total 60416K, used 9402K [0x0000000080000000, 0x0000000083b00000, 0x00000000d5580000)
  object space 60416K, 15% used [0x0000000080000000,0x000000008092ea38,0x0000000083b00000)
 Metaspace       used 34602K, capacity 35426K, committed 35496K, reserved 1079296K
  class space    used 4747K, capacity 4976K, committed 5040K, reserved 1048576K
Event: 5.867 GC heap after
Heap after GC invocations=10 (full 2):
 PSYoungGen      total 148992K, used 0K [0x00000000d5580000, 0x00000000df600000, 0x0000000100000000)
  eden space 136192K, 0% used [0x00000000d5580000,0x00000000d5580000,0x00000000dda80000)
  from space 12800K, 0% used [0x00000000de780000,0x00000000de780000,0x00000000df400000)
  to   space 13312K, 0% used [0x00000000dda80000,0x00000000dda80000,0x00000000de780000)
 ParOldGen       total 82944K, used 16010K [0x0000000080000000, 0x0000000085100000, 0x00000000d5580000)
  object space 82944K, 19% used [0x0000000080000000,0x0000000080fa2a60,0x0000000085100000)
 Metaspace       used 34602K, capacity 35426K, committed 35496K, reserved 1079296K
  class space    used 4747K, capacity 4976K, committed 5040K, reserved 1048576K
}

